Build started 2015-10-28 14:45:16.
     1>Project "F:\车载图片处理sample\JudgedRedColor\JudgedRedColor.vcxproj" on node 2 (build target(s)).
     1>InitializeBuildStatus:
         Creating "Debug\JudgedRedColor.unsuccessfulbuild" because "AlwaysCreate" was specified.
       ClCompile:
         D:\Program Files\Microsoft Visual Studio 10.0\VC\bin\CL.exe /c /ZI /nologo /W3 /WX- /Od /Oy- /D _MBCS /Gm /EHsc /RTC1 /MDd /GS /fp:precise /Zc:wchar_t /Zc:forScope /Fo"Debug\\" /Fd"Debug\vc100.pdb" /Gd /TP /analyze- /errorReport:prompt JudgedRedColor.cpp
         JudgedRedColor.cpp
       Link:
         D:\Program Files\Microsoft Visual Studio 10.0\VC\bin\link.exe /ERRORREPORT:PROMPT /OUT:"F:\车载图片处理sample\Debug\JudgedRedColor.exe" /NOLOGO opencv_calib3d2411d.lib opencv_core2411d.lib opencv_contrib2411d.lib opencv_highgui2411d.lib opencv_imgproc2411d.lib kernel32.lib user32.lib gdi32.lib winspool.lib comdlg32.lib advapi32.lib shell32.lib ole32.lib oleaut32.lib uuid.lib odbc32.lib odbccp32.lib /MANIFEST /ManifestFile:"Debug\JudgedRedColor.exe.intermediate.manifest" /MANIFESTUAC:"level='asInvoker' uiAccess='false'" /DEBUG /PDB:"F:\车载图片处理sample\Debug\JudgedRedColor.pdb" /TLBID:1 /DYNAMICBASE /NXCOMPAT /IMPLIB:"F:\车载图片处理sample\Debug\JudgedRedColor.lib" /MACHINE:X86 Debug\JudgedRedColor.obj
         Debug\tinyxml2.obj
         LINK : F:\车载图片处理sample\Debug\JudgedRedColor.exe not found or not built by the last incremental link; performing full link
         JudgedRedColor.vcxproj -> F:\车载图片处理sample\Debug\JudgedRedColor.exe
       Manifest:
         C:\Program Files\Microsoft SDKs\Windows\v7.0A\bin\mt.exe /nologo /verbose /outputresource:"F:\车载图片处理sample\Debug\JudgedRedColor.exe;#1" /manifest Debug\JudgedRedColor.exe.intermediate.manifest
       FinalizeBuildStatus:
         Deleting file "Debug\JudgedRedColor.unsuccessfulbuild".
         Touching "Debug\JudgedRedColor.lastbuildstate".
     1>Done Building Project "F:\车载图片处理sample\JudgedRedColor\JudgedRedColor.vcxproj" (build target(s)).

Build succeeded.

Time Elapsed 00:00:02.90
